<?xml version="1.0" encoding="UTF-8"?>
<testng-results skipped="0" failed="0" ignored="0" total="1" passed="1">
  <reporter-output>
  </reporter-output>
  <suite name="Default suite" duration-ms="85695" started-at="2017-12-10T01:41:49Z" finished-at="2017-12-10T01:43:15Z">
    <groups>
    </groups>
    <test name="Default test" duration-ms="85695" started-at="2017-12-10T01:41:49Z" finished-at="2017-12-10T01:43:15Z">
      <class name="Test_Cases.Android">
        <test-method status="PASS" signature="setUp()[pri:0, instance:Test_Cases.Android@19c0f4a]" name="setUp" is-config="true" duration-ms="79510" started-at="2017-12-10T07:11:49Z" finished-at="2017-12-10T07:13:08Z">
          <reporter-output>
          </reporter-output>
        </test-method> <!-- setUp -->
        <test-method status="PASS" signature="Web_Application()[pri:0, instance:Test_Cases.Android@19c0f4a]" name="Web_Application" duration-ms="8" started-at="2017-12-10T07:13:08Z" finished-at="2017-12-10T07:13:08Z">
          <reporter-output>
          </reporter-output>
        </test-method> <!-- Web_Application -->
        <test-method status="PASS" signature="tear_down()[pri:0, instance:Test_Cases.Android@19c0f4a]" name="tear_down" is-config="true" duration-ms="6150" started-at="2017-12-10T07:13:09Z" finished-at="2017-12-10T07:13:15Z">
          <reporter-output>
          </reporter-output>
        </test-method> <!-- tear_down -->
      </class> <!-- Test_Cases.Android -->
    </test> <!-- Default test -->
  </suite> <!-- Default suite -->
</testng-results>
